# JRE version: OpenJDK Runtime Environment (11.0.11+9) (build 11.0.11+9-b60-7590822)
# Java VM: OpenJDK 64-Bit Server VM (11.0.11+9-b60-7590822, mixed mode, tiered, compressed oops, g1 gc, windows-amd64)
Heap:
 garbage-first heap   total 262144K, used 192682K [0x0000000080000000, 0x0000000100000000)
  region size 1024K, 124 young (126976K), 9 survivors (9216K)
 Metaspace       used 84180K, capacity 86372K, committed 86476K, reserved 1124352K
  class space    used 10934K, capacity 11711K, committed 11724K, reserved 1048576K
GC Heap History (18 events):
Event: 0.979 GC heap before
{Heap before GC invocations=0 (full 0):
 garbage-first heap   total 262144K, used 29696K [0x0000000080000000, 0x0000000100000000)
  region size 1024K, 24 young (24576K), 0 survivors (0K)
 Metaspace       used 9876K, capacity 10114K, committed 10368K, reserved 1058816K
  class space    used 1028K, capacity 1102K, committed 1152K, reserved 1048576K
}
Event: 0.986 GC heap after
{Heap after GC invocations=1 (full 0):
 garbage-first heap   total 262144K, used 9674K [0x0000000080000000, 0x0000000100000000)
  region size 1024K, 3 young (3072K), 3 survivors (3072K)
 Metaspace       used 9876K, capacity 10114K, committed 10368K, reserved 1058816K
  class space    used 1028K, capacity 1102K, committed 1152K, reserved 1048576K
}
Event: 3.438 GC heap before
{Heap before GC invocations=1 (full 0):
 garbage-first heap   total 262144K, used 107978K [0x0000000080000000, 0x0000000100000000)
  region size 1024K, 100 young (102400K), 3 survivors (3072K)
 Metaspace       used 20695K, capacity 21075K, committed 21248K, reserved 1067008K
  class space    used 2540K, capacity 2693K, committed 2816K, reserved 1048576K
}
Event: 3.452 GC heap after
{Heap after GC invocations=2 (full 0):
 garbage-first heap   total 262144K, used 16862K [0x0000000080000000, 0x0000000100000000)
  region size 1024K, 11 young (11264K), 11 survivors (11264K)
 Metaspace       used 20695K, capacity 21075K, committed 21248K, reserved 1067008K
  class space    used 2540K, capacity 2693K, committed 2816K, reserved 1048576K
}
Event: 4.301 GC heap before
{Heap before GC invocations=3 (full 0):
 garbage-first heap   total 262144K, used 82398K [0x0000000080000000, 0x0000000100000000)
  region size 1024K, 75 young (76800K), 11 survivors (11264K)
 Metaspace       used 26808K, capacity 27371K, committed 27648K, reserved 1073152K
  class space    used 3532K, capacity 3737K, committed 3840K, reserved 1048576K
}
Event: 4.312 GC heap after
{Heap after GC invocations=4 (full 0):
 garbage-first heap   total 262144K, used 19202K [0x0000000080000000, 0x0000000100000000)
  region size 1024K, 3 young (3072K), 3 survivors (3072K)
 Metaspace       used 26808K, capacity 27371K, committed 27648K, reserved 1073152K
  class space    used 3532K, capacity 3737K, committed 3840K, reserved 1048576K
}
Event: 5.383 GC heap before
{Heap before GC invocations=4 (full 0):
 garbage-first heap   total 262144K, used 67330K [0x0000000080000000, 0x0000000100000000)
  region size 1024K, 51 young (52224K), 3 survivors (3072K)
 Metaspace       used 35033K, capacity 35786K, committed 35840K, reserved 1081344K
  class space    used 4555K, capacity 4863K, committed 4864K, reserved 1048576K
}
Event: 5.396 GC heap after
{Heap after GC invocations=5 (full 0):
 garbage-first heap   total 262144K, used 22331K [0x0000000080000000, 0x0000000100000000)
  region size 1024K, 6 young (6144K), 6 survivors (6144K)
 Metaspace       used 35033K, capacity 35786K, committed 35840K, reserved 1081344K
  class space    used 4555K, capacity 4863K, committed 4864K, reserved 1048576K
}
Event: 7.312 GC heap before
{Heap before GC invocations=6 (full 0):
 garbage-first heap   total 262144K, used 141115K [0x0000000080000000, 0x0000000100000000)
  region size 1024K, 119 young (121856K), 6 survivors (6144K)
 Metaspace       used 44565K, capacity 45591K, committed 45900K, reserved 1089536K
  class space    used 5718K, capacity 6091K, committed 6220K, reserved 1048576K
}
Event: 7.332 GC heap after
{Heap after GC invocations=7 (full 0):
 garbage-first heap   total 262144K, used 29242K [0x0000000080000000, 0x0000000100000000)
  region size 1024K, 13 young (13312K), 13 survivors (13312K)
 Metaspace       used 44565K, capacity 45591K, committed 45900K, reserved 1089536K
  class space    used 5718K, capacity 6091K, committed 6220K, reserved 1048576K
}
Event: 10.074 GC heap before
{Heap before GC invocations=7 (full 0):
 garbage-first heap   total 262144K, used 164410K [0x0000000080000000, 0x0000000100000000)
  region size 1024K, 141 young (144384K), 13 survivors (13312K)
 Metaspace       used 53678K, capacity 55034K, committed 55244K, reserved 1097728K
  class space    used 6849K, capacity 7347K, committed 7372K, reserved 1048576K
}
Event: 10.100 GC heap after
{Heap after GC invocations=8 (full 0):
 garbage-first heap   total 262144K, used 44662K [0x0000000080000000, 0x0000000100000000)
  region size 1024K, 18 young (18432K), 18 survivors (18432K)
 Metaspace       used 53678K, capacity 55034K, committed 55244K, reserved 1097728K
  class space    used 6849K, capacity 7347K, committed 7372K, reserved 1048576K
}
Event: 11.366 GC heap before
{Heap before GC invocations=8 (full 0):
 garbage-first heap   total 262144K, used 76406K [0x0000000080000000, 0x0000000100000000)
  region size 1024K, 50 young (51200K), 18 survivors (18432K)
 Metaspace       used 58570K, capacity 60041K, committed 60236K, reserved 1101824K
  class space    used 7453K, capacity 7989K, committed 8012K, reserved 1048576K
}
Event: 11.392 GC heap after
{Heap after GC invocations=9 (full 0):
 garbage-first heap   total 262144K, used 46823K [0x0000000080000000, 0x0000000100000000)
  region size 1024K, 13 young (13312K), 13 survivors (13312K)
 Metaspace       used 58570K, capacity 60041K, committed 60236K, reserved 1101824K
  class space    used 7453K, capacity 7989K, committed 8012K, reserved 1048576K
}
Event: 15.272 GC heap before
{Heap before GC invocations=10 (full 0):
 garbage-first heap   total 262144K, used 190183K [0x0000000080000000, 0x0000000100000000)
  region size 1024K, 153 young (156672K), 13 survivors (13312K)
 Metaspace       used 70151K, capacity 71808K, committed 72012K, reserved 1112064K
  class space    used 9114K, capacity 9736K, committed 9804K, reserved 1048576K
}
Event: 15.297 GC heap after
{Heap after GC invocations=11 (full 0):
 garbage-first heap   total 262144K, used 57501K [0x0000000080000000, 0x0000000100000000)
  region size 1024K, 13 young (13312K), 13 survivors (13312K)
 Metaspace       used 70151K, capacity 71808K, committed 72012K, reserved 1112064K
  class space    used 9114K, capacity 9736K, committed 9804K, reserved 1048576K
}
Event: 19.707 GC heap before
{Heap before GC invocations=11 (full 0):
 garbage-first heap   total 262144K, used 194717K [0x0000000080000000, 0x0000000100000000)
  region size 1024K, 148 young (151552K), 13 survivors (13312K)
 Metaspace       used 81242K, capacity 83341K, committed 83404K, reserved 1122304K
  class space    used 10668K, capacity 11462K, committed 11468K, reserved 1048576K
}
Event: 19.738 GC heap after
{Heap after GC invocations=12 (full 0):
 garbage-first heap   total 262144K, used 65706K [0x0000000080000000, 0x0000000100000000)
  region size 1024K, 9 young (9216K), 9 survivors (9216K)
 Metaspace       used 81242K, capacity 83341K, committed 83404K, reserved 1122304K
  class space    used 10668K, capacity 11462K, committed 11468K, reserved 1048576K
}

